Backtrace for: #<SB-THREAD:THREAD "clack-handler-woo" RUNNING {100A84FF73}>
0: ((LAMBDA NIL :IN SB-DEBUG::FUNCALL-WITH-DEBUG-IO-SYNTAX))
1: (SB-IMPL::CALL-WITH-SANE-IO-SYNTAX #<CLOSURE (LAMBDA NIL :IN SB-DEBUG::FUNCALL-WITH-DEBUG-IO-SYNTAX) {1009A7EACB}>)
2: (SB-IMPL::%WITH-STANDARD-IO-SYNTAX #<CLOSURE (LAMBDA NIL :IN SB-DEBUG::FUNCALL-WITH-DEBUG-IO-SYNTAX) {1009A7EA9B}>)
3: (SB-DEBUG:PRINT-BACKTRACE :STREAM #<SB-SYS:FD-STREAM for "file /home/andreh/Dropbox/Code/QL/local-projects/hinario-espirita/error.log" {1009A7E843}> :START 0 :FROM :DEBUGGER-FRAME :COUNT 4611686018427387903 :PRINT-THREAD T :PRINT-FRAME-SOURCE NIL :METHOD-FRAME-STYLE NIL)
4: ((LAMBDA NIL :IN UIOP/IMAGE:PRINT-BACKTRACE))
5: ((LAMBDA NIL :IN UIOP/STREAM:CALL-WITH-SAFE-IO-SYNTAX))
6: (SB-IMPL::%WITH-STANDARD-IO-SYNTAX #<CLOSURE (LAMBDA NIL :IN UIOP/STREAM:CALL-WITH-SAFE-IO-SYNTAX) {1009A7EA7B}>)
7: (UIOP/IMAGE:PRINT-CONDITION-BACKTRACE #<SIMPLE-ERROR "123" {1009A7D293}> :STREAM #<SB-SYS:FD-STREAM for "file /home/andreh/Dropbox/Code/QL/local-projects/hinario-espirita/error.log" {1009A7E843}> :COUNT NIL)
8: (LACK.MIDDLEWARE.BACKTRACE::PRINT-ERROR #<SIMPLE-ERROR "123" {1009A7D293}> (:RAW-BODY #<FLEXI-STREAMS::VECTOR-INPUT-STREAM {10099569D3}> :REQUEST-METHOD :GET :SCRIPT-NAME "" :SERVER-NAME "localhost" :SERVER-PORT 1111 :SERVER-PROTOCOL :HTTP/1.1 ...) #<SB-SYS:FD-STREAM for "file /home/andreh/Dropbox/Code/QL/local-projects/hinario-espirita/error.log" {1009A7E843}>)
9: ((FLET #:HANDLER33 :IN "/home/andreh/Dropbox/Code/QL/dists/quicklisp/software/lack-20150709-git/src/middleware/backtrace.lisp") #<SIMPLE-ERROR "123" {1009A7D293}>)
10: (SIGNAL #<SIMPLE-ERROR "123" {1009A7D293}>)
11: (ERROR "123")
12: ((LAMBDA (#:PARAMS2308)) #<unavailable argument>)
13: ((LABELS MYWAY.MAPPER::DISPATCH-WITH-RULES :IN MYWAY.MAPPER:DISPATCH) (#<NINGLE.ROUTE:NINGLE-ROUTE {100D705C93}> #<NINGLE.ROUTE:NINGLE-ROUTE {100D705CB3}> #<NINGLE.ROUTE:NINGLE-ROUTE {100D705CD3}> #<NINGLE.ROUTE:NINGLE-ROUTE {100D705CF3}> #<NINGLE.ROUTE:NINGLE-ROUTE {100D705D13}> #<NINGLE.ROUTE:NINGLE-ROUTE {100D705D33}> #<NINGLE.ROUTE:NINGLE-ROUTE {100D705D53}> #<NINGLE.ROUTE:NINGLE-ROUTE {100D705D73}> #<NINGLE.ROUTE:NINGLE-ROUTE {100D705D93}> #<NINGLE.ROUTE:NINGLE-ROUTE {100D705DB3}> #<NINGLE.ROUTE:NINGLE-ROUTE {100D705DD3}> #<NINGLE.ROUTE:NINGLE-ROUTE {100D705DF3}> ...))
14: ((:METHOD LACK.COMPONENT:CALL (NINGLE.APP:<APP> T)) #<CAVEMAN2.APP:<APP> {100813F723}> #<unavailable argument>) [fast-method]
15: ((:METHOD LACK.COMPONENT:CALL (CAVEMAN2.APP:<APP> T)) #<CAVEMAN2.APP:<APP> {100813F723}> (:LACK.SESSION.OPTIONS (:ID "d6cbf17a178325c5984471f2fed86de2a6e00b72") :LACK.SESSION #<HASH-TABLE :TEST EQUAL :COUNT 0 {100A85BFE3}> :RAW-BODY #<FLEXI-STREAMS::VECTOR-INPUT-STREAM {10099569D3}> :REQUEST-METHOD :GET :SCRIPT-NAME "" :SERVER-NAME "localhost" ...)) [fast-method]
16: ((:METHOD LACK.COMPONENT:CALL :AROUND (NINGLE.APP:<APP> T)) #<CAVEMAN2.APP:<APP> {100813F723}> (:LACK.SESSION.OPTIONS (:ID "d6cbf17a178325c5984471f2fed86de2a6e00b72") :LACK.SESSION #<HASH-TABLE :TEST EQUAL :COUNT 0 {100A85BFE3}> :RAW-BODY #<FLEXI-STREAMS::VECTOR-INPUT-STREAM {10099569D3}> :REQUEST-METHOD :GET :SCRIPT-NAME "" :SERVER-NAME "localhost" ...)) [fast-method]
17: ((LAMBDA (LACK.MIDDLEWARE.SESSION::ENV) :IN "/home/andreh/Dropbox/Code/QL/dists/quicklisp/software/lack-20150709-git/src/middleware/session.lisp") #<unavailable argument>)
18: ((LAMBDA (LACK.MIDDLEWARE.BACKTRACE::ENV) :IN "/home/andreh/Dropbox/Code/QL/dists/quicklisp/software/lack-20150709-git/src/middleware/backtrace.lisp") (:RAW-BODY #<FLEXI-STREAMS::VECTOR-INPUT-STREAM {10099569D3}> :REQUEST-METHOD :GET :SCRIPT-NAME "" :SERVER-NAME "localhost" :SERVER-PORT 1111 :SERVER-PROTOCOL :HTTP/1.1 ...))
19: (LACK.UTIL:FUNCALL-WITH-CB #<CLOSURE (LAMBDA (LACK.MIDDLEWARE.BACKTRACE::ENV) :IN "/home/andreh/Dropbox/Code/QL/dists/quicklisp/software/lack-20150709-git/src/middleware/backtrace.lisp") {100A84F19B}> (:RAW-BODY #<FLEXI-STREAMS::VECTOR-INPUT-STREAM {10099569D3}> :REQUEST-METHOD :GET :SCRIPT-NAME "" :SERVER-NAME "localhost" :SERVER-PORT 1111 :SERVER-PROTOCOL :HTTP/1.1 ...) #<CLOSURE (LAMBDA (LACK.MIDDLEWARE.ACCESSLOG::RES) :IN "/home/andreh/Dropbox/Code/QL/dists/quicklisp/software/lack-20150709-git/src/middleware/accesslog.lisp") {1009956D9B}>)
20: ((LAMBDA (LACK.MIDDLEWARE.BACKTRACE::ENV) :IN "/home/andreh/Dropbox/Code/QL/dists/quicklisp/software/lack-20150709-git/src/middleware/backtrace.lisp") (:RAW-BODY #<FLEXI-STREAMS::VECTOR-INPUT-STREAM {10099569D3}> :REQUEST-METHOD :GET :SCRIPT-NAME "" :SERVER-NAME "localhost" :SERVER-PORT 1111 :SERVER-PROTOCOL :HTTP/1.1 ...))
21: ((LAMBDA NIL :IN WOO::SETUP-PARSER))
22: ((LAMBDA (FAST-HTTP.HTTP:HTTP) :IN FAST-HTTP:MAKE-PARSER) #<unavailable argument>)
23: (FAST-HTTP.PARSER::PARSE-BODY #<unavailable argument> #<unavailable argument> #<unavailable argument> #<unavailable argument> #<unavailable argument> #<unavailable argument>)
24: (FAST-HTTP.PARSER:PARSE-REQUEST #<unavailable argument> #<unavailable argument> #<unavailable argument> :START #<unavailable argument> :END #<unavailable argument>)
25: ((LAMBDA (FAST-HTTP::DATA &KEY (FAST-HTTP::START 0) FAST-HTTP::END) :IN FAST-HTTP:MAKE-PARSER) #<unavailable argument> :START #<unavailable argument> :END #<unavailable argument>)
26: (WOO::READ-CB #S(WOO.EV.SOCKET:SOCKET :WATCHERS #(#.(SB-SYS:INT-SAP #X7FFFD4011380) #.(SB-SYS:INT-SAP #X7FFFD40115B0) #.(SB-SYS:INT-SAP #X7FFFD40115F0)) :LAST-ACTIVITY 1.4377158832199771d9 :FD 22 :REMOTE-ADDR "127.0.0.1" :REMOTE-PORT 20442 :DATA #<CLOSURE (LAMBDA (FAST-HTTP::DATA &KEY (FAST-HTTP::START 0) FAST-HTTP::END) :IN FAST-HTTP:MAKE-PARSER) {100EB8AE6B}> :TCP-READ-CB WOO.EV.TCP::TCP-READ-CB :READ-CB #<FUNCTION WOO::READ-CB> :WRITE-CB NIL :OPEN-P T :BUFFER #S(FAST-IO::OUTPUT-BUFFER :VECTOR #(0 0 0 0 0 0 0 0 0 0 0 0 ...) :FILL 0 :LEN 0 :QUEUE NIL :LAST NIL :OUTPUT NIL)) #(71 69 84 32 47 101 114 114 111 32 72 84 ...) :START 0 :END 557)
27: (WOO.EV.TCP::TCP-READ-CB #<unavailable argument> #.(SB-SYS:INT-SAP #X7FFFD4011380) #<unavailable argument>)
28: ((LAMBDA (SB-ALIEN::ARGS-POINTER SB-ALIEN::RESULT-POINTER FUNCTION) :IN "/home/andreh/.cache/common-lisp/sbcl-1.2.6-linux-x64/home/andreh/Dropbox/Code/QL/dists/quicklisp/software/woo-20150709-git/src/ev/socket.fasl") 70368600879664 70368600879660 #<FUNCTION (LAMBDA (WOO.EV.TCP::EVLOOP WOO.EV.TCP::WATCHER WOO.EV.TCP::EVENTS) :IN "/home/andreh/Dropbox/Code/QL/dists/quicklisp/software/woo-20150709-git/src/ev/tcp.lisp") {1007F6A0BB}>)
29: ("foreign function: call_into_lisp")
30: ("foreign function: funcall3")
31: ("foreign function: #x201011F5")
32: ("foreign function: #x201A3B191C")
33: (WOO:RUN #<CLOSURE (LAMBDA (LACK.MIDDLEWARE.BACKTRACE::ENV) :IN "/home/andreh/Dropbox/Code/QL/dists/quicklisp/software/lack-20150709-git/src/middleware/backtrace.lisp") {100A84F9FB}> :DEBUG T :PORT 1111 :ADDRESS "0.0.0.0" :BACKLOG NIL :FD NIL :WORKER-NUM NIL)
34: ((LAMBDA NIL :IN BORDEAUX-THREADS::BINDING-DEFAULT-SPECIALS))
35: ((FLET #:WITHOUT-INTERRUPTS-BODY-1235 :IN SB-THREAD::INITIAL-THREAD-FUNCTION-TRAMPOLINE))
36: ((FLET SB-THREAD::WITH-MUTEX-THUNK :IN SB-THREAD::INITIAL-THREAD-FUNCTION-TRAMPOLINE))
37: ((FLET #:WITHOUT-INTERRUPTS-BODY-647 :IN SB-THREAD::CALL-WITH-MUTEX))
38: (SB-THREAD::CALL-WITH-MUTEX #<CLOSURE (FLET SB-THREAD::WITH-MUTEX-THUNK :IN SB-THREAD::INITIAL-THREAD-FUNCTION-TRAMPOLINE) {7FFFEEEAECDB}> #<SB-THREAD:MUTEX "thread result lock" owner: #<SB-THREAD:THREAD "clack-handler-woo" RUNNING {100A84FF73}>> NIL T NIL)
39: (SB-THREAD::INITIAL-THREAD-FUNCTION-TRAMPOLINE #<SB-THREAD:THREAD "clack-handler-woo" RUNNING {100A84FF73}> #S(SB-THREAD:SEMAPHORE :NAME "Thread setup semaphore" :%COUNT 0 :WAITCOUNT 0 :MUTEX #<SB-THREAD:MUTEX (free) {100A850003}> :QUEUE #<SB-THREAD:WAITQUEUE  {100A850033}>) #<CLOSURE (LAMBDA NIL :IN BORDEAUX-THREADS::BINDING-DEFAULT-SPECIALS) {100A84FEDB}> NIL NIL NIL NIL)
40: ("foreign function: call_into_lisp")
41: ("foreign function: new_thread_trampoline")
Above backtrace due to this condition:
123

Request:
    RAW-BODY: #<FLEXI-STREAMS::VECTOR-INPUT-STREAM {10099569D3}>
    REQUEST-METHOD: :GET
    SCRIPT-NAME: ""
    SERVER-NAME: "localhost"
    SERVER-PORT: 1111
    SERVER-PROTOCOL: :HTTP/1.1
    PATH-INFO: "/erro"
    QUERY-STRING: NIL
    URL-SCHEME: :HTTP
    REMOTE-ADDR: "127.0.0.1"
    REMOTE-PORT: 20442
    REQUEST-URI: "/erro"
    CLACK.STREAMING: T
    CLACK.NONBLOCKING: T
    CLACK.IO: #S(WOO.EV.SOCKET:SOCKET
                 :WATCHERS #(#.(SB-SYS:INT-SAP #X7FFFD4011380) #.(SB-SYS:INT-SAP #X7FFFD40115B0) #.(SB-SYS:INT-SAP #X7FFFD40115F0))
                 :LAST-ACTIVITY 1.4377158832199771d9
                 :FD 22
                 :REMOTE-ADDR "127.0.0.1"
                 :REMOTE-PORT 20442
                 :DATA #<CLOSURE (LAMBDA (FAST-HTTP::DATA &KEY (FAST-HTTP::START 0) FAST-HTTP::END) :IN FAST-HTTP:MAKE-PARSER) {100EB8AE6B}>
                 :TCP-READ-CB WOO.EV.TCP::TCP-READ-CB
                 :READ-CB #<FUNCTION WOO::READ-CB>
                 :WRITE-CB NIL
                 :OPEN-P T
                 :BUFFER #S(FAST-IO::OUTPUT-BUFFER :VECTOR #(0 0 0 0 0 0 0 0 0 0 0 0 0 0 0 0) :FILL 0 :LEN 0 :QUEUE NIL :LAST NIL :OUTPUT NIL))
    CONTENT-LENGTH: NIL
    CONTENT-TYPE: NIL
    HEADERS:
        host: "localhost:1111"
        connection: "keep-alive"
        accept: "text/html,application/xhtml+xml,application/xml;q=0.9,image/webp,*/*;q=0.8"
        user-agent: "Mozilla/5.0 (X11; Linux x86_64) AppleWebKit/537.36 (KHTML, like Gecko) Chrome/42.0.2311.90 Safari/537.36"
        dnt: 1
        accept-encoding: "gzip, deflate, sdch"
        accept-language: "en-US,en;q=0.8,pt-BR;q=0.6,pt;q=0.4,fr;q=0.2,ja;q=0.2,de;q=0.2"
        cookie: "CLACK.SESSION=6a53221d0e27c9993b9f03cacd5a312bb5a19eae; _gat=1; lack.session=d6cbf17a178325c5984471f2fed86de2a6e00b72; _ga=GA1.1.1998734830.1435119335"
    COOKIES: (("CLACK.SESSION" . "6a53221d0e27c9993b9f03cacd5a312bb5a19eae") ("_gat" . "1") ("lack.session" . "d6cbf17a178325c5984471f2fed86de2a6e00b72")
              ("_ga" . "GA1.1.1998734830.1435119335"))
    BODY-PARAMETERS: NIL
    BODY-PARAMETERS: NIL
Backtrace for: #<SB-THREAD:THREAD "clack-handler-woo" RUNNING {100BB4CC83}>
0: ((LAMBDA NIL :IN SB-DEBUG::FUNCALL-WITH-DEBUG-IO-SYNTAX))
1: (SB-IMPL::CALL-WITH-SANE-IO-SYNTAX #<CLOSURE (LAMBDA NIL :IN SB-DEBUG::FUNCALL-WITH-DEBUG-IO-SYNTAX) {100BBB7C3B}>)
2: (SB-IMPL::%WITH-STANDARD-IO-SYNTAX #<CLOSURE (LAMBDA NIL :IN SB-DEBUG::FUNCALL-WITH-DEBUG-IO-SYNTAX) {100BBB7C0B}>)
3: (SB-DEBUG:PRINT-BACKTRACE :STREAM #<SB-SYS:FD-STREAM for "file /home/andreh/Dropbox/Code/QL/local-projects/hinario-espirita/error.log" {100BBB79B3}> :START 0 :FROM :DEBUGGER-FRAME :COUNT 4611686018427387903 :PRINT-THREAD T :PRINT-FRAME-SOURCE NIL :METHOD-FRAME-STYLE NIL)
4: ((LAMBDA NIL :IN UIOP/IMAGE:PRINT-BACKTRACE))
5: ((LAMBDA NIL :IN UIOP/STREAM:CALL-WITH-SAFE-IO-SYNTAX))
6: (SB-IMPL::%WITH-STANDARD-IO-SYNTAX #<CLOSURE (LAMBDA NIL :IN UIOP/STREAM:CALL-WITH-SAFE-IO-SYNTAX) {100BBB7BEB}>)
7: (UIOP/IMAGE:PRINT-CONDITION-BACKTRACE #<SIMPLE-ERROR "123" {100BBB5DD3}> :STREAM #<SB-SYS:FD-STREAM for "file /home/andreh/Dropbox/Code/QL/local-projects/hinario-espirita/error.log" {100BBB79B3}> :COUNT NIL)
8: (LACK.MIDDLEWARE.BACKTRACE::PRINT-ERROR #<SIMPLE-ERROR "123" {100BBB5DD3}> (:RAW-BODY #<FLEXI-STREAMS::VECTOR-INPUT-STREAM {100BBA7503}> :REQUEST-METHOD :GET :SCRIPT-NAME "" :SERVER-NAME "localhost" :SERVER-PORT 1111 :SERVER-PROTOCOL :HTTP/1.1 ...) #<SB-SYS:FD-STREAM for "file /home/andreh/Dropbox/Code/QL/local-projects/hinario-espirita/error.log" {100BBB79B3}>)
9: ((FLET #:HANDLER33 :IN "/home/andreh/Dropbox/Code/QL/dists/quicklisp/software/lack-20150709-git/src/middleware/backtrace.lisp") #<SIMPLE-ERROR "123" {100BBB5DD3}>)
10: (SIGNAL #<SIMPLE-ERROR "123" {100BBB5DD3}>)
11: (ERROR "123")
12: ((LAMBDA (#:PARAMS812) :IN "/home/andreh/Dropbox/Code/QL/local-projects/hinario-espirita/src/web.lisp") #<unavailable argument>)
13: ((LABELS MYWAY.MAPPER::DISPATCH-WITH-RULES :IN MYWAY.MAPPER:DISPATCH) (#<NINGLE.ROUTE:NINGLE-ROUTE {100BA102C3}> #<NINGLE.ROUTE:NINGLE-ROUTE {100BA11993}> #<NINGLE.ROUTE:NINGLE-ROUTE {100BA130E3}> #<NINGLE.ROUTE:NINGLE-ROUTE {100BA14873}> #<NINGLE.ROUTE:NINGLE-ROUTE {100BA16003}> #<NINGLE.ROUTE:NINGLE-ROUTE {100BA177E3}> #<NINGLE.ROUTE:NINGLE-ROUTE {100BA19003}> #<NINGLE.ROUTE:NINGLE-ROUTE {100BA1A733}> #<NINGLE.ROUTE:NINGLE-ROUTE {100BA1BEA3}> #<NINGLE.ROUTE:NINGLE-ROUTE {100BA1E593}> #<NINGLE.ROUTE:NINGLE-ROUTE {100BA284D3}> #<NINGLE.ROUTE:NINGLE-ROUTE {100BA2A453}> ...))
14: ((:METHOD LACK.COMPONENT:CALL (NINGLE.APP:<APP> T)) #<CAVEMAN2.APP:<APP> {100BA0ECE3}> #<unavailable argument>) [fast-method]
15: ((:METHOD LACK.COMPONENT:CALL (CAVEMAN2.APP:<APP> T)) #<CAVEMAN2.APP:<APP> {100BA0ECE3}> (:LACK.SESSION.OPTIONS (:ID "d6cbf17a178325c5984471f2fed86de2a6e00b72") :LACK.SESSION #<HASH-TABLE :TEST EQUAL :COUNT 0 {100BB546C3}> :RAW-BODY #<FLEXI-STREAMS::VECTOR-INPUT-STREAM {100BBA7503}> :REQUEST-METHOD :GET :SCRIPT-NAME "" :SERVER-NAME "localhost" ...)) [fast-method]
16: ((:METHOD LACK.COMPONENT:CALL :AROUND (NINGLE.APP:<APP> T)) #<CAVEMAN2.APP:<APP> {100BA0ECE3}> (:LACK.SESSION.OPTIONS (:ID "d6cbf17a178325c5984471f2fed86de2a6e00b72") :LACK.SESSION #<HASH-TABLE :TEST EQUAL :COUNT 0 {100BB546C3}> :RAW-BODY #<FLEXI-STREAMS::VECTOR-INPUT-STREAM {100BBA7503}> :REQUEST-METHOD :GET :SCRIPT-NAME "" :SERVER-NAME "localhost" ...)) [fast-method]
17: ((LAMBDA (LACK.MIDDLEWARE.SESSION::ENV) :IN "/home/andreh/Dropbox/Code/QL/dists/quicklisp/software/lack-20150709-git/src/middleware/session.lisp") #<unavailable argument>)
18: ((LAMBDA (LACK.MIDDLEWARE.BACKTRACE::ENV) :IN "/home/andreh/Dropbox/Code/QL/dists/quicklisp/software/lack-20150709-git/src/middleware/backtrace.lisp") (:RAW-BODY #<FLEXI-STREAMS::VECTOR-INPUT-STREAM {100BBA7503}> :REQUEST-METHOD :GET :SCRIPT-NAME "" :SERVER-NAME "localhost" :SERVER-PORT 1111 :SERVER-PROTOCOL :HTTP/1.1 ...))
19: (LACK.UTIL:FUNCALL-WITH-CB #<CLOSURE (LAMBDA (LACK.MIDDLEWARE.BACKTRACE::ENV) :IN "/home/andreh/Dropbox/Code/QL/dists/quicklisp/software/lack-20150709-git/src/middleware/backtrace.lisp") {100BB4BEAB}> (:RAW-BODY #<FLEXI-STREAMS::VECTOR-INPUT-STREAM {100BBA7503}> :REQUEST-METHOD :GET :SCRIPT-NAME "" :SERVER-NAME "localhost" :SERVER-PORT 1111 :SERVER-PROTOCOL :HTTP/1.1 ...) #<CLOSURE (LAMBDA (LACK.MIDDLEWARE.ACCESSLOG::RES) :IN "/home/andreh/Dropbox/Code/QL/dists/quicklisp/software/lack-20150709-git/src/middleware/accesslog.lisp") {100BBA78CB}>)
20: ((LAMBDA (LACK.MIDDLEWARE.BACKTRACE::ENV) :IN "/home/andreh/Dropbox/Code/QL/dists/quicklisp/software/lack-20150709-git/src/middleware/backtrace.lisp") (:RAW-BODY #<FLEXI-STREAMS::VECTOR-INPUT-STREAM {100BBA7503}> :REQUEST-METHOD :GET :SCRIPT-NAME "" :SERVER-NAME "localhost" :SERVER-PORT 1111 :SERVER-PROTOCOL :HTTP/1.1 ...))
21: ((LAMBDA NIL :IN WOO::SETUP-PARSER))
22: ((LAMBDA (FAST-HTTP.HTTP:HTTP) :IN FAST-HTTP:MAKE-PARSER) #<unavailable argument>)
23: (FAST-HTTP.PARSER::PARSE-BODY #<unavailable argument> #<unavailable argument> #<unavailable argument> #<unavailable argument> #<unavailable argument> #<unavailable argument>)
24: (FAST-HTTP.PARSER:PARSE-REQUEST #<unavailable argument> #<unavailable argument> #<unavailable argument> :START #<unavailable argument> :END #<unavailable argument>)
25: ((LAMBDA (FAST-HTTP::DATA &KEY (FAST-HTTP::START 0) FAST-HTTP::END) :IN FAST-HTTP:MAKE-PARSER) #<unavailable argument> :START #<unavailable argument> :END #<unavailable argument>)
26: (WOO::READ-CB #S(WOO.EV.SOCKET:SOCKET :WATCHERS #(#.(SB-SYS:INT-SAP #X7FFFD4001680) #.(SB-SYS:INT-SAP #X7FFFD40016C0) #.(SB-SYS:INT-SAP #X7FFFD4001700)) :LAST-ACTIVITY 1.4377159311375322d9 :FD 32 :REMOTE-ADDR "127.0.0.1" :REMOTE-PORT 49626 :DATA #<CLOSURE (LAMBDA (FAST-HTTP::DATA &KEY (FAST-HTTP::START 0) FAST-HTTP::END) :IN FAST-HTTP:MAKE-PARSER) {100BB5226B}> :TCP-READ-CB WOO.EV.TCP::TCP-READ-CB :READ-CB #<FUNCTION WOO::READ-CB> :WRITE-CB NIL :OPEN-P T :BUFFER #S(FAST-IO::OUTPUT-BUFFER :VECTOR #(0 0 0 0 0 0 0 0 0 0 0 0 ...) :FILL 0 :LEN 0 :QUEUE NIL :LAST NIL :OUTPUT NIL)) #(71 69 84 32 47 101 114 114 111 32 72 84 ...) :START 0 :END 557)
27: (WOO.EV.TCP::TCP-READ-CB #<unavailable argument> #.(SB-SYS:INT-SAP #X7FFFD4001680) #<unavailable argument>)
28: ((LAMBDA (SB-ALIEN::ARGS-POINTER SB-ALIEN::RESULT-POINTER FUNCTION) :IN "/home/andreh/.cache/common-lisp/sbcl-1.2.6-linux-x64/home/andreh/Dropbox/Code/QL/dists/quicklisp/software/woo-20150709-git/src/ev/socket.fasl") 70368648327728 70368648327724 #<FUNCTION (LAMBDA (WOO.EV.TCP::EVLOOP WOO.EV.TCP::WATCHER WOO.EV.TCP::EVENTS) :IN "/home/andreh/Dropbox/Code/QL/dists/quicklisp/software/woo-20150709-git/src/ev/tcp.lisp") {1007F6A0BB}>)
29: ("foreign function: call_into_lisp")
30: ("foreign function: funcall3")
31: ("foreign function: #x201011F5")
32: ("foreign function: #x201A3B191C")
33: (WOO:RUN #<CLOSURE (LAMBDA (LACK.MIDDLEWARE.BACKTRACE::ENV) :IN "/home/andreh/Dropbox/Code/QL/dists/quicklisp/software/lack-20150709-git/src/middleware/backtrace.lisp") {100BB4C70B}> :DEBUG T :PORT 1111 :ADDRESS "0.0.0.0" :BACKLOG NIL :FD NIL :WORKER-NUM NIL)
34: ((LAMBDA NIL :IN BORDEAUX-THREADS::BINDING-DEFAULT-SPECIALS))
35: ((FLET #:WITHOUT-INTERRUPTS-BODY-1235 :IN SB-THREAD::INITIAL-THREAD-FUNCTION-TRAMPOLINE))
36: ((FLET SB-THREAD::WITH-MUTEX-THUNK :IN SB-THREAD::INITIAL-THREAD-FUNCTION-TRAMPOLINE))
37: ((FLET #:WITHOUT-INTERRUPTS-BODY-647 :IN SB-THREAD::CALL-WITH-MUTEX))
38: (SB-THREAD::CALL-WITH-MUTEX #<CLOSURE (FLET SB-THREAD::WITH-MUTEX-THUNK :IN SB-THREAD::INITIAL-THREAD-FUNCTION-TRAMPOLINE) {7FFFF492ECDB}> #<SB-THREAD:MUTEX "thread result lock" owner: #<SB-THREAD:THREAD "clack-handler-woo" RUNNING {100BB4CC83}>> NIL T NIL)
39: (SB-THREAD::INITIAL-THREAD-FUNCTION-TRAMPOLINE #<SB-THREAD:THREAD "clack-handler-woo" RUNNING {100BB4CC83}> #S(SB-THREAD:SEMAPHORE :NAME "Thread setup semaphore" :%COUNT 0 :WAITCOUNT 0 :MUTEX #<SB-THREAD:MUTEX (free) {100BB4CCF3}> :QUEUE #<SB-THREAD:WAITQUEUE  {100BB4CD23}>) #<CLOSURE (LAMBDA NIL :IN BORDEAUX-THREADS::BINDING-DEFAULT-SPECIALS) {100BB4CBEB}> NIL NIL NIL NIL)
40: ("foreign function: call_into_lisp")
41: ("foreign function: new_thread_trampoline")
Above backtrace due to this condition:
123

Request:
    RAW-BODY: #<FLEXI-STREAMS::VECTOR-INPUT-STREAM {100BBA7503}>
    REQUEST-METHOD: :GET
    SCRIPT-NAME: ""
    SERVER-NAME: "localhost"
    SERVER-PORT: 1111
    SERVER-PROTOCOL: :HTTP/1.1
    PATH-INFO: "/erro"
    QUERY-STRING: NIL
    URL-SCHEME: :HTTP
    REMOTE-ADDR: "127.0.0.1"
    REMOTE-PORT: 49626
    REQUEST-URI: "/erro"
    CLACK.STREAMING: T
    CLACK.NONBLOCKING: T
    CLACK.IO: #S(WOO.EV.SOCKET:SOCKET
                 :WATCHERS #(#.(SB-SYS:INT-SAP #X7FFFD4001680) #.(SB-SYS:INT-SAP #X7FFFD40016C0) #.(SB-SYS:INT-SAP #X7FFFD4001700))
                 :LAST-ACTIVITY 1.4377159311375322d9
                 :FD 32
                 :REMOTE-ADDR "127.0.0.1"
                 :REMOTE-PORT 49626
                 :DATA #<CLOSURE (LAMBDA (FAST-HTTP::DATA &KEY (FAST-HTTP::START 0) FAST-HTTP::END) :IN FAST-HTTP:MAKE-PARSER) {100BB5226B}>
                 :TCP-READ-CB WOO.EV.TCP::TCP-READ-CB
                 :READ-CB #<FUNCTION WOO::READ-CB>
                 :WRITE-CB NIL
                 :OPEN-P T
                 :BUFFER #S(FAST-IO::OUTPUT-BUFFER :VECTOR #(0 0 0 0 0 0 0 0 0 0 0 0 0 0 0 0) :FILL 0 :LEN 0 :QUEUE NIL :LAST NIL :OUTPUT NIL))
    CONTENT-LENGTH: NIL
    CONTENT-TYPE: NIL
    HEADERS:
        host: "localhost:1111"
        connection: "keep-alive"
        accept: "text/html,application/xhtml+xml,application/xml;q=0.9,image/webp,*/*;q=0.8"
        user-agent: "Mozilla/5.0 (X11; Linux x86_64) AppleWebKit/537.36 (KHTML, like Gecko) Chrome/42.0.2311.90 Safari/537.36"
        dnt: 1
        accept-encoding: "gzip, deflate, sdch"
        accept-language: "en-US,en;q=0.8,pt-BR;q=0.6,pt;q=0.4,fr;q=0.2,ja;q=0.2,de;q=0.2"
        cookie: "CLACK.SESSION=6a53221d0e27c9993b9f03cacd5a312bb5a19eae; _gat=1; lack.session=d6cbf17a178325c5984471f2fed86de2a6e00b72; _ga=GA1.1.1998734830.1435119335"
    COOKIES: (("CLACK.SESSION" . "6a53221d0e27c9993b9f03cacd5a312bb5a19eae") ("_gat" . "1") ("lack.session" . "d6cbf17a178325c5984471f2fed86de2a6e00b72")
              ("_ga" . "GA1.1.1998734830.1435119335"))
    BODY-PARAMETERS: NIL
    BODY-PARAMETERS: NIL
Backtrace for: #<SB-THREAD:THREAD "clack-handler-woo" RUNNING {1009BBD233}>
0: ((LAMBDA NIL :IN SB-DEBUG::FUNCALL-WITH-DEBUG-IO-SYNTAX))
1: (SB-IMPL::CALL-WITH-SANE-IO-SYNTAX #<CLOSURE (LAMBDA NIL :IN SB-DEBUG::FUNCALL-WITH-DEBUG-IO-SYNTAX) {1009CBC16B}>)
2: (SB-IMPL::%WITH-STANDARD-IO-SYNTAX #<CLOSURE (LAMBDA NIL :IN SB-DEBUG::FUNCALL-WITH-DEBUG-IO-SYNTAX) {1009CBC13B}>)
3: (SB-DEBUG:PRINT-BACKTRACE :STREAM #<SB-SYS:FD-STREAM for "file /home/andreh/Dropbox/Code/QL/local-projects/hinario-espirita/error.log" {1009CBBEE3}> :START 0 :FROM :DEBUGGER-FRAME :COUNT 4611686018427387903 :PRINT-THREAD T :PRINT-FRAME-SOURCE NIL :METHOD-FRAME-STYLE NIL)
4: ((LAMBDA NIL :IN UIOP/IMAGE:PRINT-BACKTRACE))
5: ((LAMBDA NIL :IN UIOP/STREAM:CALL-WITH-SAFE-IO-SYNTAX))
6: (SB-IMPL::%WITH-STANDARD-IO-SYNTAX #<CLOSURE (LAMBDA NIL :IN UIOP/STREAM:CALL-WITH-SAFE-IO-SYNTAX) {1009CBC11B}>)
7: (UIOP/IMAGE:PRINT-CONDITION-BACKTRACE #<SIMPLE-ERROR "789" {1009CBA303}> :STREAM #<SB-SYS:FD-STREAM for "file /home/andreh/Dropbox/Code/QL/local-projects/hinario-espirita/error.log" {1009CBBEE3}> :COUNT NIL)
8: (LACK.MIDDLEWARE.BACKTRACE::PRINT-ERROR #<SIMPLE-ERROR "789" {1009CBA303}> (:RAW-BODY #<FLEXI-STREAMS::VECTOR-INPUT-STREAM {1009BC35E3}> :REQUEST-METHOD :GET :SCRIPT-NAME "" :SERVER-NAME "localhost" :SERVER-PORT 1111 :SERVER-PROTOCOL :HTTP/1.1 ...) #<SB-SYS:FD-STREAM for "file /home/andreh/Dropbox/Code/QL/local-projects/hinario-espirita/error.log" {1009CBBEE3}>)
9: ((FLET #:HANDLER33 :IN "/home/andreh/Dropbox/Code/QL/dists/quicklisp/software/lack-20150709-git/src/middleware/backtrace.lisp") #<SIMPLE-ERROR "789" {1009CBA303}>)
10: (SIGNAL #<SIMPLE-ERROR "789" {1009CBA303}>)
11: (ERROR "789")
12: ((LAMBDA (#:PARAMS812) :IN "/home/andreh/Dropbox/Code/QL/local-projects/hinario-espirita/src/web.lisp") #<unavailable argument>)
13: ((LABELS MYWAY.MAPPER::DISPATCH-WITH-RULES :IN MYWAY.MAPPER:DISPATCH) (#<NINGLE.ROUTE:NINGLE-ROUTE {1009AB82C3}> #<NINGLE.ROUTE:NINGLE-ROUTE {1009AB9993}> #<NINGLE.ROUTE:NINGLE-ROUTE {1009ABB0E3}> #<NINGLE.ROUTE:NINGLE-ROUTE {1009ABC873}> #<NINGLE.ROUTE:NINGLE-ROUTE {1009ABE003}> #<NINGLE.ROUTE:NINGLE-ROUTE {1009ABF7E3}> #<NINGLE.ROUTE:NINGLE-ROUTE {1009AC1003}> #<NINGLE.ROUTE:NINGLE-ROUTE {1009AC2733}> #<NINGLE.ROUTE:NINGLE-ROUTE {1009AC3EA3}> #<NINGLE.ROUTE:NINGLE-ROUTE {1009AC6593}> #<NINGLE.ROUTE:NINGLE-ROUTE {1009AC84D3}> #<NINGLE.ROUTE:NINGLE-ROUTE {1009ACA453}> ...))
14: ((:METHOD LACK.COMPONENT:CALL (NINGLE.APP:<APP> T)) #<CAVEMAN2.APP:<APP> {1009AB6CB3}> #<unavailable argument>) [fast-method]
15: ((:METHOD LACK.COMPONENT:CALL (CAVEMAN2.APP:<APP> T)) #<CAVEMAN2.APP:<APP> {1009AB6CB3}> (:LACK.SESSION.OPTIONS (:ID "d6cbf17a178325c5984471f2fed86de2a6e00b72") :LACK.SESSION #<HASH-TABLE :TEST EQUAL :COUNT 0 {1009BC46F3}> :RAW-BODY #<FLEXI-STREAMS::VECTOR-INPUT-STREAM {1009BC35E3}> :REQUEST-METHOD :GET :SCRIPT-NAME "" :SERVER-NAME "localhost" ...)) [fast-method]
16: ((:METHOD LACK.COMPONENT:CALL :AROUND (NINGLE.APP:<APP> T)) #<CAVEMAN2.APP:<APP> {1009AB6CB3}> (:LACK.SESSION.OPTIONS (:ID "d6cbf17a178325c5984471f2fed86de2a6e00b72") :LACK.SESSION #<HASH-TABLE :TEST EQUAL :COUNT 0 {1009BC46F3}> :RAW-BODY #<FLEXI-STREAMS::VECTOR-INPUT-STREAM {1009BC35E3}> :REQUEST-METHOD :GET :SCRIPT-NAME "" :SERVER-NAME "localhost" ...)) [fast-method]
17: ((LAMBDA (LACK.MIDDLEWARE.SESSION::ENV) :IN "/home/andreh/Dropbox/Code/QL/dists/quicklisp/software/lack-20150709-git/src/middleware/session.lisp") #<unavailable argument>)
18: ((LAMBDA (LACK.MIDDLEWARE.BACKTRACE::ENV) :IN "/home/andreh/Dropbox/Code/QL/dists/quicklisp/software/lack-20150709-git/src/middleware/backtrace.lisp") (:RAW-BODY #<FLEXI-STREAMS::VECTOR-INPUT-STREAM {1009BC35E3}> :REQUEST-METHOD :GET :SCRIPT-NAME "" :SERVER-NAME "localhost" :SERVER-PORT 1111 :SERVER-PROTOCOL :HTTP/1.1 ...))
19: (LACK.UTIL:FUNCALL-WITH-CB #<CLOSURE (LAMBDA (LACK.MIDDLEWARE.BACKTRACE::ENV) :IN "/home/andreh/Dropbox/Code/QL/dists/quicklisp/software/lack-20150709-git/src/middleware/backtrace.lisp") {1009BBC45B}> (:RAW-BODY #<FLEXI-STREAMS::VECTOR-INPUT-STREAM {1009BC35E3}> :REQUEST-METHOD :GET :SCRIPT-NAME "" :SERVER-NAME "localhost" :SERVER-PORT 1111 :SERVER-PROTOCOL :HTTP/1.1 ...) #<CLOSURE (LAMBDA (LACK.MIDDLEWARE.ACCESSLOG::RES) :IN "/home/andreh/Dropbox/Code/QL/dists/quicklisp/software/lack-20150709-git/src/middleware/accesslog.lisp") {1009BC39AB}>)
20: ((LAMBDA (LACK.MIDDLEWARE.BACKTRACE::ENV) :IN "/home/andreh/Dropbox/Code/QL/dists/quicklisp/software/lack-20150709-git/src/middleware/backtrace.lisp") (:RAW-BODY #<FLEXI-STREAMS::VECTOR-INPUT-STREAM {1009BC35E3}> :REQUEST-METHOD :GET :SCRIPT-NAME "" :SERVER-NAME "localhost" :SERVER-PORT 1111 :SERVER-PROTOCOL :HTTP/1.1 ...))
21: ((LAMBDA NIL :IN WOO::SETUP-PARSER))
22: ((LAMBDA (FAST-HTTP.HTTP:HTTP) :IN FAST-HTTP:MAKE-PARSER) #<unavailable argument>)
23: (FAST-HTTP.PARSER::PARSE-BODY #<unavailable argument> #<unavailable argument> #<unavailable argument> #<unavailable argument> #<unavailable argument> #<unavailable argument>)
24: (FAST-HTTP.PARSER:PARSE-REQUEST #<unavailable argument> #<unavailable argument> #<unavailable argument> :START #<unavailable argument> :END #<unavailable argument>)
25: ((LAMBDA (FAST-HTTP::DATA &KEY (FAST-HTTP::START 0) FAST-HTTP::END) :IN FAST-HTTP:MAKE-PARSER) #<unavailable argument> :START #<unavailable argument> :END #<unavailable argument>)
26: (WOO::READ-CB #S(WOO.EV.SOCKET:SOCKET :WATCHERS #(#.(SB-SYS:INT-SAP #X7FFFD40113F0) #.(SB-SYS:INT-SAP #X7FFFD4011430) #.(SB-SYS:INT-SAP #X7FFFD4001570)) :LAST-ACTIVITY 1.437715989181294d9 :FD 35 :REMOTE-ADDR "127.0.0.1" :REMOTE-PORT 51930 :DATA #<CLOSURE (LAMBDA (FAST-HTTP::DATA &KEY (FAST-HTTP::START 0) FAST-HTTP::END) :IN FAST-HTTP:MAKE-PARSER) {1009BC180B}> :TCP-READ-CB WOO.EV.TCP::TCP-READ-CB :READ-CB #<FUNCTION WOO::READ-CB> :WRITE-CB NIL :OPEN-P T :BUFFER #S(FAST-IO::OUTPUT-BUFFER :VECTOR #(0 0 0 0 0 0 0 0 0 0 0 0 ...) :FILL 0 :LEN 0 :QUEUE NIL :LAST NIL :OUTPUT NIL)) #(71 69 84 32 47 101 114 114 111 32 72 84 ...) :START 0 :END 583)
27: (WOO.EV.TCP::TCP-READ-CB #<unavailable argument> #.(SB-SYS:INT-SAP #X7FFFD40113F0) #<unavailable argument>)
28: ((LAMBDA (SB-ALIEN::ARGS-POINTER SB-ALIEN::RESULT-POINTER FUNCTION) :IN "/home/andreh/.cache/common-lisp/sbcl-1.2.6-linux-x64/home/andreh/Dropbox/Code/QL/dists/quicklisp/software/woo-20150709-git/src/ev/socket.fasl") 70368648327728 70368648327724 #<FUNCTION (LAMBDA (WOO.EV.TCP::EVLOOP WOO.EV.TCP::WATCHER WOO.EV.TCP::EVENTS) :IN "/home/andreh/Dropbox/Code/QL/dists/quicklisp/software/woo-20150709-git/src/ev/tcp.lisp") {1007F6A0BB}>)
29: ("foreign function: call_into_lisp")
30: ("foreign function: funcall3")
31: ("foreign function: #x201011F5")
32: ("foreign function: #x201A3B191C")
33: (WOO:RUN #<CLOSURE (LAMBDA (LACK.MIDDLEWARE.BACKTRACE::ENV) :IN "/home/andreh/Dropbox/Code/QL/dists/quicklisp/software/lack-20150709-git/src/middleware/backtrace.lisp") {1009BBCCBB}> :DEBUG T :PORT 1111 :ADDRESS "0.0.0.0" :BACKLOG NIL :FD NIL :WORKER-NUM NIL)
34: ((LAMBDA NIL :IN BORDEAUX-THREADS::BINDING-DEFAULT-SPECIALS))
35: ((FLET #:WITHOUT-INTERRUPTS-BODY-1235 :IN SB-THREAD::INITIAL-THREAD-FUNCTION-TRAMPOLINE))
36: ((FLET SB-THREAD::WITH-MUTEX-THUNK :IN SB-THREAD::INITIAL-THREAD-FUNCTION-TRAMPOLINE))
37: ((FLET #:WITHOUT-INTERRUPTS-BODY-647 :IN SB-THREAD::CALL-WITH-MUTEX))
38: (SB-THREAD::CALL-WITH-MUTEX #<CLOSURE (FLET SB-THREAD::WITH-MUTEX-THUNK :IN SB-THREAD::INITIAL-THREAD-FUNCTION-TRAMPOLINE) {7FFFF492ECDB}> #<SB-THREAD:MUTEX "thread result lock" owner: #<SB-THREAD:THREAD "clack-handler-woo" RUNNING {1009BBD233}>> NIL T NIL)
39: (SB-THREAD::INITIAL-THREAD-FUNCTION-TRAMPOLINE #<SB-THREAD:THREAD "clack-handler-woo" RUNNING {1009BBD233}> #S(SB-THREAD:SEMAPHORE :NAME "Thread setup semaphore" :%COUNT 0 :WAITCOUNT 0 :MUTEX #<SB-THREAD:MUTEX (free) {1009BBD2A3}> :QUEUE #<SB-THREAD:WAITQUEUE  {1009BBD2D3}>) #<CLOSURE (LAMBDA NIL :IN BORDEAUX-THREADS::BINDING-DEFAULT-SPECIALS) {1009BBD19B}> NIL NIL NIL NIL)
40: ("foreign function: call_into_lisp")
41: ("foreign function: new_thread_trampoline")
Above backtrace due to this condition:
789

Request:
    RAW-BODY: #<FLEXI-STREAMS::VECTOR-INPUT-STREAM {1009BC35E3}>
    REQUEST-METHOD: :GET
    SCRIPT-NAME: ""
    SERVER-NAME: "localhost"
    SERVER-PORT: 1111
    SERVER-PROTOCOL: :HTTP/1.1
    PATH-INFO: "/erro"
    QUERY-STRING: NIL
    URL-SCHEME: :HTTP
    REMOTE-ADDR: "127.0.0.1"
    REMOTE-PORT: 51930
    REQUEST-URI: "/erro"
    CLACK.STREAMING: T
    CLACK.NONBLOCKING: T
    CLACK.IO: #S(WOO.EV.SOCKET:SOCKET
                 :WATCHERS #(#.(SB-SYS:INT-SAP #X7FFFD40113F0) #.(SB-SYS:INT-SAP #X7FFFD4011430) #.(SB-SYS:INT-SAP #X7FFFD4001570))
                 :LAST-ACTIVITY 1.437715989181294d9
                 :FD 35
                 :REMOTE-ADDR "127.0.0.1"
                 :REMOTE-PORT 51930
                 :DATA #<CLOSURE (LAMBDA (FAST-HTTP::DATA &KEY (FAST-HTTP::START 0) FAST-HTTP::END) :IN FAST-HTTP:MAKE-PARSER) {1009BC180B}>
                 :TCP-READ-CB WOO.EV.TCP::TCP-READ-CB
                 :READ-CB #<FUNCTION WOO::READ-CB>
                 :WRITE-CB NIL
                 :OPEN-P T
                 :BUFFER #S(FAST-IO::OUTPUT-BUFFER :VECTOR #(0 0 0 0 0 0 0 0 0 0 0 0 0 0 0 0) :FILL 0 :LEN 0 :QUEUE NIL :LAST NIL :OUTPUT NIL))
    CONTENT-LENGTH: NIL
    CONTENT-TYPE: NIL
    HEADERS:
        host: "localhost:1111"
        connection: "keep-alive"
        cache-control: "max-age=0"
        accept: "text/html,application/xhtml+xml,application/xml;q=0.9,image/webp,*/*;q=0.8"
        user-agent: "Mozilla/5.0 (X11; Linux x86_64) AppleWebKit/537.36 (KHTML, like Gecko) Chrome/42.0.2311.90 Safari/537.36"
        dnt: 1
        accept-encoding: "gzip, deflate, sdch"
        accept-language: "en-US,en;q=0.8,pt-BR;q=0.6,pt;q=0.4,fr;q=0.2,ja;q=0.2,de;q=0.2"
        cookie: "CLACK.SESSION=6a53221d0e27c9993b9f03cacd5a312bb5a19eae; _gat=1; lack.session=d6cbf17a178325c5984471f2fed86de2a6e00b72; _ga=GA1.1.1998734830.1435119335"
    COOKIES: (("CLACK.SESSION" . "6a53221d0e27c9993b9f03cacd5a312bb5a19eae") ("_gat" . "1") ("lack.session" . "d6cbf17a178325c5984471f2fed86de2a6e00b72")
              ("_ga" . "GA1.1.1998734830.1435119335"))
    BODY-PARAMETERS: NIL
    BODY-PARAMETERS: NIL
Backtrace for: #<SB-THREAD:THREAD "clack-handler-woo" RUNNING {1006922C03}>
0: ("undefined function")
1: (HINARIO-ESPIRITA.VIEW:HINARIOS-PAGE)
2: ((LAMBDA (#:PARAMS43) :IN "/home/andreh/Dropbox/Code/QL/local-projects/hinario-espirita/src/web.lisp") #<unavailable argument>)
3: ((LABELS MYWAY.MAPPER::DISPATCH-WITH-RULES :IN MYWAY.MAPPER:DISPATCH) (#<NINGLE.ROUTE:NINGLE-ROUTE {1007034BC3}> #<NINGLE.ROUTE:NINGLE-ROUTE {1007034BE3}> #<NINGLE.ROUTE:NINGLE-ROUTE {1007034C03}> #<NINGLE.ROUTE:NINGLE-ROUTE {1007034C23}> #<NINGLE.ROUTE:NINGLE-ROUTE {1007034C43}> #<NINGLE.ROUTE:NINGLE-ROUTE {1007034C63}> #<NINGLE.ROUTE:NINGLE-ROUTE {1007034C83}> #<NINGLE.ROUTE:NINGLE-ROUTE {1007034CA3}> #<NINGLE.ROUTE:NINGLE-ROUTE {1007034CC3}> #<NINGLE.ROUTE:NINGLE-ROUTE {1007034CE3}> #<NINGLE.ROUTE:NINGLE-ROUTE {1007034D03}> #<NINGLE.ROUTE:NINGLE-ROUTE {1007034D23}> ...))
4: ((:METHOD LACK.COMPONENT:CALL (NINGLE.APP:<APP> T)) #<CAVEMAN2.APP:<APP> {1003961B23}> #<unavailable argument>) [fast-method]
5: ((:METHOD LACK.COMPONENT:CALL (CAVEMAN2.APP:<APP> T)) #<CAVEMAN2.APP:<APP> {1003961B23}> (:LACK.SESSION.OPTIONS (:ID "d6cbf17a178325c5984471f2fed86de2a6e00b72") :LACK.SESSION #<HASH-TABLE :TEST EQUAL :COUNT 0 {100692C353}> :RAW-BODY #<FLEXI-STREAMS::VECTOR-INPUT-STREAM {100692B363}> :REQUEST-METHOD :GET :SCRIPT-NAME "" :SERVER-NAME "localhost" ...)) [fast-method]
6: ((:METHOD LACK.COMPONENT:CALL :AROUND (NINGLE.APP:<APP> T)) #<CAVEMAN2.APP:<APP> {1003961B23}> (:LACK.SESSION.OPTIONS (:ID "d6cbf17a178325c5984471f2fed86de2a6e00b72") :LACK.SESSION #<HASH-TABLE :TEST EQUAL :COUNT 0 {100692C353}> :RAW-BODY #<FLEXI-STREAMS::VECTOR-INPUT-STREAM {100692B363}> :REQUEST-METHOD :GET :SCRIPT-NAME "" :SERVER-NAME "localhost" ...)) [fast-method]
7: ((LAMBDA (LACK.MIDDLEWARE.SESSION::ENV) :IN "/home/andreh/Dropbox/Code/QL/dists/quicklisp/software/lack-20150709-git/src/middleware/session.lisp") #<unavailable argument>)
8: ((LAMBDA (LACK.MIDDLEWARE.BACKTRACE::ENV) :IN "/home/andreh/Dropbox/Code/QL/dists/quicklisp/software/lack-20150709-git/src/middleware/backtrace.lisp") (:RAW-BODY #<FLEXI-STREAMS::VECTOR-INPUT-STREAM {100692B363}> :REQUEST-METHOD :GET :SCRIPT-NAME "" :SERVER-NAME "localhost" :SERVER-PORT 1111 :SERVER-PROTOCOL :HTTP/1.1 ...))
9: (LACK.UTIL:FUNCALL-WITH-CB #<CLOSURE (LAMBDA (LACK.MIDDLEWARE.BACKTRACE::ENV) :IN "/home/andreh/Dropbox/Code/QL/dists/quicklisp/software/lack-20150709-git/src/middleware/backtrace.lisp") {1006921E2B}> (:RAW-BODY #<FLEXI-STREAMS::VECTOR-INPUT-STREAM {100692B363}> :REQUEST-METHOD :GET :SCRIPT-NAME "" :SERVER-NAME "localhost" :SERVER-PORT 1111 :SERVER-PROTOCOL :HTTP/1.1 ...) #<CLOSURE (LAMBDA (LACK.MIDDLEWARE.ACCESSLOG::RES) :IN "/home/andreh/Dropbox/Code/QL/dists/quicklisp/software/lack-20150709-git/src/middleware/accesslog.lisp") {100692B72B}>)
10: ((LAMBDA (LACK.MIDDLEWARE.BACKTRACE::ENV) :IN "/home/andreh/Dropbox/Code/QL/dists/quicklisp/software/lack-20150709-git/src/middleware/backtrace.lisp") (:RAW-BODY #<FLEXI-STREAMS::VECTOR-INPUT-STREAM {100692B363}> :REQUEST-METHOD :GET :SCRIPT-NAME "" :SERVER-NAME "localhost" :SERVER-PORT 1111 :SERVER-PROTOCOL :HTTP/1.1 ...))
11: ((LAMBDA NIL :IN WOO::SETUP-PARSER))
12: ((LAMBDA (FAST-HTTP.HTTP:HTTP) :IN FAST-HTTP:MAKE-PARSER) #<unavailable argument>)
13: (FAST-HTTP.PARSER::PARSE-BODY #<unavailable argument> #<unavailable argument> #<unavailable argument> #<unavailable argument> #<unavailable argument> #<unavailable argument>)
14: (FAST-HTTP.PARSER:PARSE-REQUEST #<unavailable argument> #<unavailable argument> #<unavailable argument> :START #<unavailable argument> :END #<unavailable argument>)
15: ((LAMBDA (FAST-HTTP::DATA &KEY (FAST-HTTP::START 0) FAST-HTTP::END) :IN FAST-HTTP:MAKE-PARSER) #<unavailable argument> :START #<unavailable argument> :END #<unavailable argument>)
16: (WOO::READ-CB #S(WOO.EV.SOCKET:SOCKET :WATCHERS #(#.(SB-SYS:INT-SAP #X7FFFEC011350) #.(SB-SYS:INT-SAP #X7FFFEC011460) #.(SB-SYS:INT-SAP #X7FFFEC0114A0)) :LAST-ACTIVITY 1.4377971177108614d9 :FD 23 :REMOTE-ADDR "127.0.0.1" :REMOTE-PORT 18153 :DATA #<CLOSURE (LAMBDA (FAST-HTTP::DATA &KEY (FAST-HTTP::START 0) FAST-HTTP::END) :IN FAST-HTTP:MAKE-PARSER) {1006929ADB}> :TCP-READ-CB WOO.EV.TCP::TCP-READ-CB :READ-CB #<FUNCTION WOO::READ-CB> :WRITE-CB NIL :OPEN-P T :BUFFER #S(FAST-IO::OUTPUT-BUFFER :VECTOR #(0 0 0 0 0 0 0 0 0 0 0 0 ...) :FILL 0 :LEN 0 :QUEUE NIL :LAST NIL :OUTPUT NIL)) #(71 69 84 32 47 99 114 105 97 114 32 72 ...) :START 0 :END 576)
17: (WOO.EV.TCP::TCP-READ-CB #<unavailable argument> #.(SB-SYS:INT-SAP #X7FFFEC011350) #<unavailable argument>)
18: ((LAMBDA (SB-ALIEN::ARGS-POINTER SB-ALIEN::RESULT-POINTER FUNCTION) :IN "/home/andreh/.cache/common-lisp/sbcl-1.2.6-linux-x64/home/andreh/Dropbox/Code/QL/dists/quicklisp/software/woo-20150709-git/src/ev/socket.fasl") 70368540570160 70368540570156 #<FUNCTION (LAMBDA (WOO.EV.TCP::EVLOOP WOO.EV.TCP::WATCHER WOO.EV.TCP::EVENTS) :IN "/home/andreh/Dropbox/Code/QL/dists/quicklisp/software/woo-20150709-git/src/ev/tcp.lisp") {1003A503CB}>)
19: ("foreign function: call_into_lisp")
20: ("foreign function: funcall3")
21: ("foreign function: #x201011F5")
22: ("foreign function: #x200D3C191C")
23: (WOO:RUN #<CLOSURE (LAMBDA (LACK.MIDDLEWARE.BACKTRACE::ENV) :IN "/home/andreh/Dropbox/Code/QL/dists/quicklisp/software/lack-20150709-git/src/middleware/backtrace.lisp") {100692268B}> :DEBUG T :PORT 1111 :ADDRESS "0.0.0.0" :BACKLOG NIL :FD NIL :WORKER-NUM NIL)
24: ((LAMBDA NIL :IN BORDEAUX-THREADS::BINDING-DEFAULT-SPECIALS))
25: ((FLET #:WITHOUT-INTERRUPTS-BODY-1235 :IN SB-THREAD::INITIAL-THREAD-FUNCTION-TRAMPOLINE))
26: ((FLET SB-THREAD::WITH-MUTEX-THUNK :IN SB-THREAD::INITIAL-THREAD-FUNCTION-TRAMPOLINE))
27: ((FLET #:WITHOUT-INTERRUPTS-BODY-647 :IN SB-THREAD::CALL-WITH-MUTEX))
28: (SB-THREAD::CALL-WITH-MUTEX #<CLOSURE (FLET SB-THREAD::WITH-MUTEX-THUNK :IN SB-THREAD::INITIAL-THREAD-FUNCTION-TRAMPOLINE) {7FFFE7BA6CDB}> #<SB-THREAD:MUTEX "thread result lock" owner: #<SB-THREAD:THREAD "clack-handler-woo" RUNNING {1006922C03}>> NIL T NIL)
29: (SB-THREAD::INITIAL-THREAD-FUNCTION-TRAMPOLINE #<SB-THREAD:THREAD "clack-handler-woo" RUNNING {1006922C03}> #S(SB-THREAD:SEMAPHORE :NAME "Thread setup semaphore" :%COUNT 0 :WAITCOUNT 0 :MUTEX #<SB-THREAD:MUTEX (free) {1006922C73}> :QUEUE #<SB-THREAD:WAITQUEUE  {1006922CA3}>) #<CLOSURE (LAMBDA NIL :IN BORDEAUX-THREADS::BINDING-DEFAULT-SPECIALS) {1006922B6B}> NIL NIL NIL NIL)
30: ("foreign function: call_into_lisp")
31: ("foreign function: new_thread_trampoline")
Above backtrace due to this condition:
The function :A is undefined.

Request:
    RAW-BODY: #<FLEXI-STREAMS::VECTOR-INPUT-STREAM {100692B363}>
    REQUEST-METHOD: :GET
    SCRIPT-NAME: ""
    SERVER-NAME: "localhost"
    SERVER-PORT: 1111
    SERVER-PROTOCOL: :HTTP/1.1
    PATH-INFO: "/criar"
    QUERY-STRING: NIL
    URL-SCHEME: :HTTP
    REMOTE-ADDR: "127.0.0.1"
    REMOTE-PORT: 18153
    REQUEST-URI: "/criar"
    CLACK.STREAMING: T
    CLACK.NONBLOCKING: T
    CLACK.IO: #S(WOO.EV.SOCKET:SOCKET
                 :WATCHERS #(#.(SB-SYS:INT-SAP #X7FFFEC011350) #.(SB-SYS:INT-SAP #X7FFFEC011460) #.(SB-SYS:INT-SAP #X7FFFEC0114A0))
                 :LAST-ACTIVITY 1.4377971177108614d9
                 :FD 23
                 :REMOTE-ADDR "127.0.0.1"
                 :REMOTE-PORT 18153
                 :DATA #<CLOSURE (LAMBDA (FAST-HTTP::DATA &KEY (FAST-HTTP::START 0) FAST-HTTP::END) :IN FAST-HTTP:MAKE-PARSER) {1006929ADB}>
                 :TCP-READ-CB WOO.EV.TCP::TCP-READ-CB
                 :READ-CB #<FUNCTION WOO::READ-CB>
                 :WRITE-CB NIL
                 :OPEN-P T
                 :BUFFER #S(FAST-IO::OUTPUT-BUFFER :VECTOR #(0 0 0 0 0 0 0 0 0 0 0 0 0 0 0 0) :FILL 0 :LEN 0 :QUEUE NIL :LAST NIL :OUTPUT NIL))
    CONTENT-LENGTH: NIL
    CONTENT-TYPE: NIL
    HEADERS:
        host: "localhost:1111"
        connection: "keep-alive"
        cache-control: "max-age=0"
        accept: "text/html,application/xhtml+xml,application/xml;q=0.9,image/webp,*/*;q=0.8"
        user-agent: "Mozilla/5.0 (X11; Linux x86_64) AppleWebKit/537.36 (KHTML, like Gecko) Chrome/42.0.2311.90 Safari/537.36"
        dnt: 1
        accept-encoding: "gzip, deflate, sdch"
        accept-language: "en-US,en;q=0.8,pt-BR;q=0.6,pt;q=0.4,fr;q=0.2,ja;q=0.2,de;q=0.2"
        cookie: "CLACK.SESSION=6a53221d0e27c9993b9f03cacd5a312bb5a19eae; _ga=GA1.1.1998734830.1435119335; lack.session=d6cbf17a178325c5984471f2fed86de2a6e00b72"
    COOKIES: (("CLACK.SESSION" . "6a53221d0e27c9993b9f03cacd5a312bb5a19eae") ("_ga" . "GA1.1.1998734830.1435119335")
              ("lack.session" . "d6cbf17a178325c5984471f2fed86de2a6e00b72"))
    BODY-PARAMETERS: NIL
    BODY-PARAMETERS: NIL
